<?xml version="1.0" encoding="UTF-8"?>
<coverage generated="1637526080129" clover="3.2.0">
  <project timestamp="1637526080129" name="All files">
    <metrics statements="24" coveredstatements="23" conditionals="20" coveredconditionals="19" methods="6" coveredmethods="6" elements="50" coveredelements="48" complexity="0" loc="24" ncloc="24" packages="1" files="1" classes="1"/>
    <file name="pix.js" path="/home/apache/Documentos/git-projetos/banco-pix/PIX-banco-XYZ/pix.js">
      <metrics statements="24" coveredstatements="23" conditionals="20" coveredconditionals="19" methods="6" coveredmethods="6"/>
      <line num="1" count="1" type="stmt"/>
      <line num="4" count="1" type="stmt"/>
      <line num="8" count="7" type="cond" truecount="2" falsecount="0"/>
      <line num="9" count="2" type="stmt"/>
      <line num="11" count="5" type="stmt"/>
      <line num="15" count="3" type="stmt"/>
      <line num="19" count="9" type="cond" truecount="4" falsecount="0"/>
      <line num="20" count="6" type="stmt"/>
      <line num="22" count="3" type="stmt"/>
      <line num="27" count="8" type="cond" truecount="4" falsecount="0"/>
      <line num="28" count="3" type="stmt"/>
      <line num="29" count="5" type="cond" truecount="2" falsecount="0"/>
      <line num="30" count="1" type="stmt"/>
      <line num="32" count="4" type="stmt"/>
      <line num="37" count="5" type="cond" truecount="2" falsecount="0"/>
      <line num="38" count="4" type="cond" truecount="2" falsecount="0"/>
      <line num="39" count="3" type="cond" truecount="2" falsecount="0"/>
      <line num="40" count="2" type="cond" truecount="1" falsecount="1"/>
      <line num="41" count="0" type="stmt"/>
      <line num="43" count="2" type="stmt"/>
      <line num="46" count="1" type="stmt"/>
      <line num="49" count="1" type="stmt"/>
      <line num="52" count="1" type="stmt"/>
      <line num="56" count="1" type="stmt"/>
    </file>
  </project>
</coverage>
