{"/home/apache/Documentos/git-projetos/banco-pix/PIX-banco-XYZ/pix.js": {"path":"/home/apache/Documentos/git-projetos/banco-pix/PIX-banco-XYZ/pix.js","statementMap":{"0":{"start":{"line":1,"column":14},"end":{"line":1,"column":19}},"1":{"start":{"line":4,"column":2},"end":{"line":4,"column":29}},"2":{"start":{"line":8,"column":2},"end":{"line":9,"column":31}},"3":{"start":{"line":9,"column":4},"end":{"line":9,"column":31}},"4":{"start":{"line":11,"column":2},"end":{"line":11,"column":14}},"5":{"start":{"line":15,"column":2},"end":{"line":15,"column":15}},"6":{"start":{"line":19,"column":2},"end":{"line":23,"column":3}},"7":{"start":{"line":20,"column":4},"end":{"line":20,"column":28}},"8":{"start":{"line":22,"column":4},"end":{"line":22,"column":16}},"9":{"start":{"line":27,"column":2},"end":{"line":33,"column":3}},"10":{"start":{"line":28,"column":4},"end":{"line":28,"column":28}},"11":{"start":{"line":29,"column":9},"end":{"line":33,"column":3}},"12":{"start":{"line":30,"column":4},"end":{"line":30,"column":38}},"13":{"start":{"line":32,"column":4},"end":{"line":32,"column":16}},"14":{"start":{"line":37,"column":2},"end":{"line":53,"column":3}},"15":{"start":{"line":38,"column":4},"end":{"line":50,"column":5}},"16":{"start":{"line":39,"column":6},"end":{"line":47,"column":7}},"17":{"start":{"line":40,"column":8},"end":{"line":44,"column":9}},"18":{"start":{"line":41,"column":10},"end":{"line":41,"column":38}},"19":{"start":{"line":43,"column":10},"end":{"line":43,"column":46}},"20":{"start":{"line":46,"column":8},"end":{"line":46,"column":36}},"21":{"start":{"line":49,"column":6},"end":{"line":49,"column":33}},"22":{"start":{"line":52,"column":4},"end":{"line":52,"column":35}},"23":{"start":{"line":56,"column":0},"end":{"line":63,"column":2}}},"fnMap":{"0":{"name":"gerarSessaoDoUsuario","decl":{"start":{"line":3,"column":9},"end":{"line":3,"column":29}},"loc":{"start":{"line":3,"column":32},"end":{"line":5,"column":1}},"line":3},"1":{"name":"verificarSessao","decl":{"start":{"line":7,"column":9},"end":{"line":7,"column":24}},"loc":{"start":{"line":7,"column":33},"end":{"line":12,"column":1}},"line":7},"2":{"name":"consultarSaldo","decl":{"start":{"line":14,"column":9},"end":{"line":14,"column":23}},"loc":{"start":{"line":14,"column":26},"end":{"line":16,"column":1}},"line":14},"3":{"name":"validarChave","decl":{"start":{"line":18,"column":9},"end":{"line":18,"column":21}},"loc":{"start":{"line":18,"column":30},"end":{"line":24,"column":1}},"line":18},"4":{"name":"validarValor","decl":{"start":{"line":26,"column":9},"end":{"line":26,"column":21}},"loc":{"start":{"line":26,"column":29},"end":{"line":34,"column":1}},"line":26},"5":{"name":"realizarPix","decl":{"start":{"line":36,"column":9},"end":{"line":36,"column":20}},"loc":{"start":{"line":36,"column":44},"end":{"line":54,"column":1}},"line":36}},"branchMap":{"0":{"loc":{"start":{"line":8,"column":2},"end":{"line":9,"column":31}},"type":"if","locations":[{"start":{"line":8,"column":2},"end":{"line":9,"column":31}},{"start":{"line":8,"column":2},"end":{"line":9,"column":31}}],"line":8},"1":{"loc":{"start":{"line":19,"column":2},"end":{"line":23,"column":3}},"type":"if","locations":[{"start":{"line":19,"column":2},"end":{"line":23,"column":3}},{"start":{"line":19,"column":2},"end":{"line":23,"column":3}}],"line":19},"2":{"loc":{"start":{"line":19,"column":7},"end":{"line":19,"column":54}},"type":"binary-expr","locations":[{"start":{"line":19,"column":7},"end":{"line":19,"column":37}},{"start":{"line":19,"column":41},"end":{"line":19,"column":54}}],"line":19},"3":{"loc":{"start":{"line":27,"column":2},"end":{"line":33,"column":3}},"type":"if","locations":[{"start":{"line":27,"column":2},"end":{"line":33,"column":3}},{"start":{"line":27,"column":2},"end":{"line":33,"column":3}}],"line":27},"4":{"loc":{"start":{"line":27,"column":5},"end":{"line":27,"column":44}},"type":"binary-expr","locations":[{"start":{"line":27,"column":5},"end":{"line":27,"column":30}},{"start":{"line":27,"column":34},"end":{"line":27,"column":44}}],"line":27},"5":{"loc":{"start":{"line":29,"column":9},"end":{"line":33,"column":3}},"type":"if","locations":[{"start":{"line":29,"column":9},"end":{"line":33,"column":3}},{"start":{"line":29,"column":9},"end":{"line":33,"column":3}}],"line":29},"6":{"loc":{"start":{"line":37,"column":2},"end":{"line":53,"column":3}},"type":"if","locations":[{"start":{"line":37,"column":2},"end":{"line":53,"column":3}},{"start":{"line":37,"column":2},"end":{"line":53,"column":3}}],"line":37},"7":{"loc":{"start":{"line":38,"column":4},"end":{"line":50,"column":5}},"type":"if","locations":[{"start":{"line":38,"column":4},"end":{"line":50,"column":5}},{"start":{"line":38,"column":4},"end":{"line":50,"column":5}}],"line":38},"8":{"loc":{"start":{"line":39,"column":6},"end":{"line":47,"column":7}},"type":"if","locations":[{"start":{"line":39,"column":6},"end":{"line":47,"column":7}},{"start":{"line":39,"column":6},"end":{"line":47,"column":7}}],"line":39},"9":{"loc":{"start":{"line":40,"column":8},"end":{"line":44,"column":9}},"type":"if","locations":[{"start":{"line":40,"column":8},"end":{"line":44,"column":9}},{"start":{"line":40,"column":8},"end":{"line":44,"column":9}}],"line":40}},"s":{"0":1,"1":1,"2":7,"3":2,"4":5,"5":3,"6":9,"7":6,"8":3,"9":8,"10":3,"11":5,"12":1,"13":4,"14":5,"15":4,"16":3,"17":2,"18":0,"19":2,"20":1,"21":1,"22":1,"23":1},"f":{"0":1,"1":7,"2":3,"3":9,"4":8,"5":5},"b":{"0":[2,5],"1":[6,3],"2":[9,3],"3":[3,5],"4":[8,8],"5":[1,4],"6":[4,1],"7":[3,1],"8":[2,1],"9":[0,2]},"_coverageSchema":"43e27e138ebf9cfc5966b082cf9a028302ed4184","hash":"e78445d218b55cf844f950b83941c67ac8789b2f"}
}
