TN:
SF:/home/apache/Documentos/git-projetos/banco-pix/PIX-banco-XYZ/pix.js
FN:3,gerarSessaoDoUsuario
FN:7,verificarSessao
FN:14,consultarSaldo
FN:18,validarChave
FN:26,validarValor
FN:36,realizarPix
FNF:6
FNH:6
FNDA:1,gerarSessaoDoUsuario
FNDA:7,verificarSessao
FNDA:3,consultarSaldo
FNDA:9,validarChave
FNDA:8,validarValor
FNDA:5,realizarPix
DA:1,1
DA:4,1
DA:8,7
DA:9,2
DA:11,5
DA:15,3
DA:19,9
DA:20,6
DA:22,3
DA:27,8
DA:28,3
DA:29,5
DA:30,1
DA:32,4
DA:37,5
DA:38,4
DA:39,3
DA:40,2
DA:41,0
DA:43,2
DA:46,1
DA:49,1
DA:52,1
DA:56,1
LF:24
LH:23
BRDA:8,0,0,2
BRDA:8,0,1,5
BRDA:19,1,0,6
BRDA:19,1,1,3
BRDA:19,2,0,9
BRDA:19,2,1,3
BRDA:27,3,0,3
BRDA:27,3,1,5
BRDA:27,4,0,8
BRDA:27,4,1,8
BRDA:29,5,0,1
BRDA:29,5,1,4
BRDA:37,6,0,4
BRDA:37,6,1,1
BRDA:38,7,0,3
BRDA:38,7,1,1
BRDA:39,8,0,2
BRDA:39,8,1,1
BRDA:40,9,0,0
BRDA:40,9,1,2
BRF:20
BRH:19
end_of_record
